name: train
run_id: install_deps
env HOME: /home/ubuntu
env LANG: C.UTF-8
env TERM: xterm-256color
env PATH: /home/ubuntu/package-src/.tox/test_package/bin:/home/ubuntu/env-tox/bin:/usr/local/sbin:/usr/local/bin:/usr/sbin:/usr/bin:/sbin:/bin:/usr/games:/usr/local/games:/snap/bin:/home/ubuntu/.local/bin
env PIP_DISABLE_PIP_VERSION_CHECK: 1
env PYTHONIOENCODING: utf-8
env PYTHONPATH: .
env PYTHONHASHSEED: 0
env TOX_ENV_NAME: train
env TOX_WORK_DIR: /home/ubuntu/package-src/.tox
env TOX_ENV_DIR: /home/ubuntu/package-src/.tox/test_package
env VIRTUAL_ENV: /home/ubuntu/package-src/.tox/test_package
env COLUMNS: 89
env LINES: 18
metadata pid: 4636
cwd: /home/ubuntu/package-src
allow: /home/ubuntu/package-src/.tox/test_package/bin/*:train
cmd: pip install -r /home/ubuntu/package-src/requirements/test_requirements.txt
exit_code: 0
Collecting numpy<2.0.0,>=1.23.0 (from -r /home/ubuntu/package-src/requirements/requirements.txt (line 4))
  Downloading numpy-1.26.4-cp312-cp312-manylinux_2_17_x86_64.manylinux2014_x86_64.whl.metadata (61 kB)
Collecting pandas<3.0.0,>=2.0.0 (from -r /home/ubuntu/package-src/requirements/requirements.txt (line 5))
  Downloading pandas-2.2.3-cp312-cp312-manylinux_2_17_x86_64.manylinux2014_x86_64.whl.metadata (89 kB)
Collecting scikit-learn<1.3.3,>=1.3.2 (from -r /home/ubuntu/package-src/requirements/requirements.txt (line 6))
  Downloading scikit_learn-1.3.2-cp312-cp312-manylinux_2_17_x86_64.manylinux2014_x86_64.whl.metadata (11 kB)
Collecting joblib<2.0.0,>=1.1.0 (from -r /home/ubuntu/package-src/requirements/requirements.txt (line 7))
  Downloading joblib-1.4.2-py3-none-any.whl.metadata (5.4 kB)
Collecting pydantic<2.0.0,>=1.10.0 (from -r /home/ubuntu/package-src/requirements/requirements.txt (line 8))
  Downloading pydantic-1.10.21-cp312-cp312-manylinux_2_17_x86_64.manylinux2014_x86_64.whl.metadata (153 kB)
Collecting strictyaml<2.0.0,>=1.7.0 (from -r /home/ubuntu/package-src/requirements/requirements.txt (line 9))
  Downloading strictyaml-1.7.3-py3-none-any.whl.metadata (11 kB)
Collecting feature-engine<2.0.0,>=1.6.1 (from -r /home/ubuntu/package-src/requirements/requirements.txt (line 10))
  Downloading feature_engine-1.8.3-py2.py3-none-any.whl.metadata (9.9 kB)
Collecting pytest<8.0.0,>=7.4.2 (from -r /home/ubuntu/package-src/requirements/test_requirements.txt (line 4))
  Downloading pytest-7.4.4-py3-none-any.whl.metadata (7.9 kB)
Collecting python-dateutil>=2.8.2 (from pandas<3.0.0,>=2.0.0->-r /home/ubuntu/package-src/requirements/requirements.txt (line 5))
  Downloading python_dateutil-2.9.0.post0-py2.py3-none-any.whl.metadata (8.4 kB)
Collecting pytz>=2020.1 (from pandas<3.0.0,>=2.0.0->-r /home/ubuntu/package-src/requirements/requirements.txt (line 5))
  Downloading pytz-2025.1-py2.py3-none-any.whl.metadata (22 kB)
Collecting tzdata>=2022.7 (from pandas<3.0.0,>=2.0.0->-r /home/ubuntu/package-src/requirements/requirements.txt (line 5))
  Downloading tzdata-2025.1-py2.py3-none-any.whl.metadata (1.4 kB)
Collecting scipy>=1.5.0 (from scikit-learn<1.3.3,>=1.3.2->-r /home/ubuntu/package-src/requirements/requirements.txt (line 6))
  Downloading scipy-1.15.1-cp312-cp312-manylinux_2_17_x86_64.manylinux2014_x86_64.whl.metadata (61 kB)
Collecting threadpoolctl>=2.0.0 (from scikit-learn<1.3.3,>=1.3.2->-r /home/ubuntu/package-src/requirements/requirements.txt (line 6))
  Downloading threadpoolctl-3.5.0-py3-none-any.whl.metadata (13 kB)
Collecting typing-extensions>=4.2.0 (from pydantic<2.0.0,>=1.10.0->-r /home/ubuntu/package-src/requirements/requirements.txt (line 8))
  Downloading typing_extensions-4.12.2-py3-none-any.whl.metadata (3.0 kB)
INFO: pip is looking at multiple versions of feature-engine to determine which version is compatible with other requirements. This could take a while.
Collecting feature-engine<2.0.0,>=1.6.1 (from -r /home/ubuntu/package-src/requirements/requirements.txt (line 10))
  Downloading feature_engine-1.8.2-py2.py3-none-any.whl.metadata (9.9 kB)
  Downloading feature_engine-1.8.1-py2.py3-none-any.whl.metadata (9.8 kB)
  Downloading feature_engine-1.8.0-py2.py3-none-any.whl.metadata (9.8 kB)
  Downloading feature_engine-1.7.0-py2.py3-none-any.whl.metadata (9.8 kB)
  Downloading feature_engine-1.6.2-py2.py3-none-any.whl.metadata (8.8 kB)
Collecting statsmodels>=0.11.1 (from feature-engine<2.0.0,>=1.6.1->-r /home/ubuntu/package-src/requirements/requirements.txt (line 10))
  Downloading statsmodels-0.14.4-cp312-cp312-manylinux_2_17_x86_64.manylinux2014_x86_64.whl.metadata (9.2 kB)
Collecting iniconfig (from pytest<8.0.0,>=7.4.2->-r /home/ubuntu/package-src/requirements/test_requirements.txt (line 4))
  Downloading iniconfig-2.0.0-py3-none-any.whl.metadata (2.6 kB)
Collecting packaging (from pytest<8.0.0,>=7.4.2->-r /home/ubuntu/package-src/requirements/test_requirements.txt (line 4))
  Using cached packaging-24.2-py3-none-any.whl.metadata (3.2 kB)
Collecting pluggy<2.0,>=0.12 (from pytest<8.0.0,>=7.4.2->-r /home/ubuntu/package-src/requirements/test_requirements.txt (line 4))
  Using cached pluggy-1.5.0-py3-none-any.whl.metadata (4.8 kB)
Collecting six>=1.5 (from python-dateutil>=2.8.2->pandas<3.0.0,>=2.0.0->-r /home/ubuntu/package-src/requirements/requirements.txt (line 5))
  Downloading six-1.17.0-py2.py3-none-any.whl.metadata (1.7 kB)
Collecting patsy>=0.5.6 (from statsmodels>=0.11.1->feature-engine<2.0.0,>=1.6.1->-r /home/ubuntu/package-src/requirements/requirements.txt (line 10))
  Downloading patsy-1.0.1-py2.py3-none-any.whl.metadata (3.3 kB)
Downloading numpy-1.26.4-cp312-cp312-manylinux_2_17_x86_64.manylinux2014_x86_64.whl (18.0 MB)
[?25l   [38;5;237mâ”â”â”â”â”â”â”â”â”â”â”â”â”â”â”â”â”â”â”â”â”â”â”â”â”â”â”â”â”â”â”â”â”â”â”â”â”â”â”â”[0m [32m0.0/18.0 MB[0m [31m?[0m eta [36m-:--:--[0m[2K   [38;5;70mâ”â”â”â”â”â”â”â”â”â”â”â”â”â”â”â”â”â”â”â”â”â”â”â”â”â”â”â”â”â”â”â”â”â”â”â”â”â”â”â”[0m [32m18.0/18.0 MB[0m [31m98.0 MB/s[0m eta [36m0:00:00[0m
[?25hDownloading pandas-2.2.3-cp312-cp312-manylinux_2_17_x86_64.manylinux2014_x86_64.whl (12.7 MB)
[?25l   [38;5;237mâ”â”â”â”â”â”â”â”â”â”â”â”â”â”â”â”â”â”â”â”â”â”â”â”â”â”â”â”â”â”â”â”â”â”â”â”â”â”â”â”[0m [32m0.0/12.7 MB[0m [31m?[0m eta [36m-:--:--[0m[2K   [38;5;70mâ”â”â”â”â”â”â”â”â”â”â”â”â”â”â”â”â”â”â”â”â”â”â”â”â”â”â”â”â”â”â”â”â”â”â”â”â”â”â”â”[0m [32m12.7/12.7 MB[0m [31m95.1 MB/s[0m eta [36m0:00:00[0m
[?25hDownloading scikit_learn-1.3.2-cp312-cp312-manylinux_2_17_x86_64.manylinux2014_x86_64.whl (10.8 MB)
[?25l   [38;5;237mâ”â”â”â”â”â”â”â”â”â”â”â”â”â”â”â”â”â”â”â”â”â”â”â”â”â”â”â”â”â”â”â”â”â”â”â”â”â”â”â”[0m [32m0.0/10.8 MB[0m [31m?[0m eta [36m-:--:--[0m[2K   [38;5;70mâ”â”â”â”â”â”â”â”â”â”â”â”â”â”â”â”â”â”â”â”â”â”â”â”â”â”â”â”â”â”â”â”â”â”â”â”â”â”â”â”[0m [32m10.8/10.8 MB[0m [31m95.4 MB/s[0m eta [36m0:00:00[0m
[?25hDownloading joblib-1.4.2-py3-none-any.whl (301 kB)
Downloading pydantic-1.10.21-cp312-cp312-manylinux_2_17_x86_64.manylinux2014_x86_64.whl (3.0 MB)
[?25l   [38;5;237mâ”â”â”â”â”â”â”â”â”â”â”â”â”â”â”â”â”â”â”â”â”â”â”â”â”â”â”â”â”â”â”â”â”â”â”â”â”â”â”â”[0m [32m0.0/3.0 MB[0m [31m?[0m eta [36m-:--:--[0m[2K   [38;5;70mâ”â”â”â”â”â”â”â”â”â”â”â”â”â”â”â”â”â”â”â”â”â”â”â”â”â”â”â”â”â”â”â”â”â”â”â”â”â”â”â”[0m [32m3.0/3.0 MB[0m [31m86.7 MB/s[0m eta [36m0:00:00[0m
[?25hDownloading strictyaml-1.7.3-py3-none-any.whl (123 kB)
Downloading feature_engine-1.6.2-py2.py3-none-any.whl (328 kB)
Downloading pytest-7.4.4-py3-none-any.whl (325 kB)
Using cached pluggy-1.5.0-py3-none-any.whl (20 kB)
Downloading python_dateutil-2.9.0.post0-py2.py3-none-any.whl (229 kB)
Downloading pytz-2025.1-py2.py3-none-any.whl (507 kB)
Downloading scipy-1.15.1-cp312-cp312-manylinux_2_17_x86_64.manylinux2014_x86_64.whl (40.2 MB)
[?25l   [38;5;237mâ”â”â”â”â”â”â”â”â”â”â”â”â”â”â”â”â”â”â”â”â”â”â”â”â”â”â”â”â”â”â”â”â”â”â”â”â”â”â”â”[0m [32m0.0/40.2 MB[0m [31m?[0m eta [36m-:--:--[0m[2K   [38;5;197mâ”â”â”â”â”â”â”â”â”â”â”â”â”â”â”â”â”â”â”â”â”â”â”â”[0m[38;5;237mâ•º[0m[38;5;237mâ”â”â”â”â”â”â”â”â”â”â”â”â”â”â”[0m [32m24.6/40.2 MB[0m [31m122.3 MB/s[0m eta [36m0:00:01[0m[2K   [38;5;197mâ”â”â”â”â”â”â”â”â”â”â”â”â”â”â”â”â”â”â”â”â”â”â”â”â”â”â”â”â”â”â”â”â”â”â”â”â”â”â”[0m[38;5;197mâ•¸[0m [32m40.1/40.2 MB[0m [31m122.1 MB/s[0m eta [36m0:00:01[0m[2K   [38;5;70mâ”â”â”â”â”â”â”â”â”â”â”â”â”â”â”â”â”â”â”â”â”â”â”â”â”â”â”â”â”â”â”â”â”â”â”â”â”â”â”â”[0m [32m40.2/40.2 MB[0m [31m87.2 MB/s[0m eta [36m0:00:00[0m
[?25hDownloading statsmodels-0.14.4-cp312-cp312-manylinux_2_17_x86_64.manylinux2014_x86_64.whl (10.7 MB)
[?25l   [38;5;237mâ”â”â”â”â”â”â”â”â”â”â”â”â”â”â”â”â”â”â”â”â”â”â”â”â”â”â”â”â”â”â”â”â”â”â”â”â”â”â”â”[0m [32m0.0/10.7 MB[0m [31m?[0m eta [36m-:--:--[0m[2K   [38;5;70mâ”â”â”â”â”â”â”â”â”â”â”â”â”â”â”â”â”â”â”â”â”â”â”â”â”â”â”â”â”â”â”â”â”â”â”â”â”â”â”â”[0m [32m10.7/10.7 MB[0m [31m91.7 MB/s[0m eta [36m0:00:00[0m
[?25hUsing cached packaging-24.2-py3-none-any.whl (65 kB)
Downloading threadpoolctl-3.5.0-py3-none-any.whl (18 kB)
Downloading typing_extensions-4.12.2-py3-none-any.whl (37 kB)
Downloading tzdata-2025.1-py2.py3-none-any.whl (346 kB)
Downloading iniconfig-2.0.0-py3-none-any.whl (5.9 kB)
Downloading patsy-1.0.1-py2.py3-none-any.whl (232 kB)
Downloading six-1.17.0-py2.py3-none-any.whl (11 kB)
Installing collected packages: pytz, tzdata, typing-extensions, threadpoolctl, six, pluggy, packaging, numpy, joblib, iniconfig, scipy, python-dateutil, pytest, pydantic, patsy, strictyaml, scikit-learn, pandas, statsmodels, feature-engine
Successfully installed feature-engine-1.6.2 iniconfig-2.0.0 joblib-1.4.2 numpy-1.26.4 packaging-24.2 pandas-2.2.3 patsy-1.0.1 pluggy-1.5.0 pydantic-1.10.21 pytest-7.4.4 python-dateutil-2.9.0.post0 pytz-2025.1 scikit-learn-1.3.2 scipy-1.15.1 six-1.17.0 statsmodels-0.14.4 strictyaml-1.7.3 threadpoolctl-3.5.0 typing-extensions-4.12.2 tzdata-2025.1
