name: train
run_id: commands[0]
env HOME: /home/ubuntu
env LANG: C.UTF-8
env TERM: xterm-256color
env PATH: /home/ubuntu/package-src/.tox/test_package/bin:/home/ubuntu/env-tox/bin:/usr/local/sbin:/usr/local/bin:/usr/sbin:/usr/bin:/sbin:/bin:/usr/games:/usr/local/games:/snap/bin:/home/ubuntu/.local/bin
env PIP_DISABLE_PIP_VERSION_CHECK: 1
env PYTHONIOENCODING: utf-8
env PYTHONPATH: .
env PYTHONHASHSEED: 0
env TOX_ENV_NAME: train
env TOX_WORK_DIR: /home/ubuntu/package-src/.tox
env TOX_ENV_DIR: /home/ubuntu/package-src/.tox/test_package
env VIRTUAL_ENV: /home/ubuntu/package-src/.tox/test_package
env COLUMNS: 89
env LINES: 18
metadata pid: 4663
cwd: /home/ubuntu/package-src
allow: /home/ubuntu/package-src/.tox/test_package/bin/*:train
cmd: python model/train_pipeline.py
exit_code: 0
